Poisson_odil_jax.py --N 64 --k 4 --rhs exact --optimizer adam --multigrid 1 --mg_interp conv --lr 0.005 --epochs 1000 --plot_every 100 --report_every 100 --outdir out_poisson_odil_jax
ODIL backend: jax
ODIL JIT: 0
grid cshape: (64, 64)
field shape cc: (64, 64)
multigrid levels: [(64, 64), (32, 32), (16, 16), (8, 8), (4, 4), (2, 2)]
Running AdamNative optimizer

epoch=00000
residual: fu:2265.1
error: rmse=4.841353e-01, rel_rmse=1.000000e+00, residual_rmse=2.265055e+03
memory: 306 MiB
walltime: 0.332 s
walltime+callback: 0.332 s
poisson_field_00000.png poisson_data_00000.pickle

epoch=00100
residual: fu:604.92
error: rmse=2.030300e-01, rel_rmse=4.193661e-01, residual_rmse=5.964484e+02
memory: 402 MiB
walltime: 0.456 s
walltime+callback: 1.987 s
walltime/epoch: 4.562 ms
throughput: 0.898M cells/s
poisson_field_00001.png poisson_data_00001.pickle

epoch=00200
residual: fu:141.36
error: rmse=1.596299e-01, rel_rmse=3.297216e-01, residual_rmse=1.394040e+02
memory: 422 MiB
walltime: 0.479 s
walltime+callback: 2.308 s
walltime/epoch: 0.223 ms
throughput: 18.352M cells/s
poisson_field_00002.png poisson_data_00002.pickle

epoch=00300
residual: fu:46.603
error: rmse=1.282238e-01, rel_rmse=2.648511e-01, residual_rmse=4.623047e+01
memory: 440 MiB
walltime: 0.502 s
walltime+callback: 2.623 s
walltime/epoch: 0.231 ms
throughput: 17.706M cells/s
poisson_field_00003.png poisson_data_00003.pickle

epoch=00400
residual: fu:27.927
error: rmse=1.108641e-01, rel_rmse=2.289941e-01, residual_rmse=2.782975e+01
memory: 440 MiB
walltime: 0.524 s
walltime+callback: 3.000 s
walltime/epoch: 0.227 ms
throughput: 18.055M cells/s
poisson_field_00004.png poisson_data_00004.pickle

epoch=00500
residual: fu:21.57
error: rmse=9.896844e-02, rel_rmse=2.044231e-01, residual_rmse=2.153578e+01
memory: 423 MiB
walltime: 0.546 s
walltime+callback: 3.331 s
walltime/epoch: 0.220 ms
throughput: 18.596M cells/s
poisson_field_00005.png poisson_data_00005.pickle

epoch=00600
residual: fu:17.694
error: rmse=8.929528e-02, rel_rmse=1.844428e-01, residual_rmse=1.764811e+01
memory: 420 MiB
walltime: 0.568 s
walltime+callback: 3.642 s
walltime/epoch: 0.220 ms
throughput: 18.609M cells/s
poisson_field_00006.png poisson_data_00006.pickle

epoch=00700
residual: fu:14.855
error: rmse=8.160843e-02, rel_rmse=1.685654e-01, residual_rmse=1.478123e+01
memory: 420 MiB
walltime: 0.591 s
walltime+callback: 3.954 s
walltime/epoch: 0.222 ms
throughput: 18.482M cells/s
poisson_field_00007.png poisson_data_00007.pickle

epoch=00800
residual: fu:12.558
error: rmse=7.634313e-02, rel_rmse=1.576897e-01, residual_rmse=1.254912e+01
memory: 421 MiB
walltime: 0.612 s
walltime+callback: 4.307 s
walltime/epoch: 0.214 ms
throughput: 19.174M cells/s
poisson_field_00008.png poisson_data_00008.pickle

epoch=00900
residual: fu:11.511
error: rmse=7.368450e-02, rel_rmse=1.521982e-01, residual_rmse=1.139742e+01
memory: 421 MiB
walltime: 0.634 s
walltime+callback: 4.617 s
walltime/epoch: 0.223 ms
throughput: 18.385M cells/s
poisson_field_00009.png poisson_data_00009.pickle

epoch=01000
residual: fu:10.693
error: rmse=7.332966e-02, rel_rmse=1.514652e-01, residual_rmse=1.022131e+01
memory: 421 MiB
walltime: 0.657 s
walltime+callback: 4.929 s
walltime/epoch: 0.225 ms
throughput: 18.200M cells/s
poisson_field_00010.png poisson_data_00010.pickle
poisson_field_final.png poisson_data_final.pickle
