Wave_like_heat.py --optimizer newton --multigrid 0 --linsolver direct --every_factor 0.01 --Nt 25 --Nx 25 --outdir out_wave_newton
Running Newton optimizer

epoch=00000
residual: fu:17.27
error: u:0.22361
memory: 368 MiB
walltime: 0.626 s
walltime+callback: 0.626 s
u_00000.png ut_00000.png

epoch=00001
residual: fu:8.4877e-11
error: u:0.054197
memory: 407 MiB
walltime: 0.901 s
walltime+callback: 1.153 s
walltime/epoch: 900.843 ms
throughput: 0.001M cells/s
u_00001.png ut_00001.png

epoch=00002
residual: fu:1.6505e-14
error: u:0.054197
memory: 423 MiB
walltime: 0.972 s
walltime+callback: 1.358 s
walltime/epoch: 71.432 ms
throughput: 0.009M cells/s
u_00002.png ut_00002.png
