Wave_like_heat.py --optimizer lbfgsb --multigrid 0 --kimp 1 --every_factor 10 --Nt 25 --Nx 25 --outdir out_wave_lbfgsb
Running L-BFGS-B optimizer

epoch=00000
residual: fu:17.27
error: u:0.22361
memory: 372 MiB
walltime: 0.612 s
walltime+callback: 0.612 s
u_00000.png ut_00000.png

epoch=00100
residual: fu:1.667
error: u:0.17427
memory: 430 MiB
walltime: 1.002 s
walltime+callback: 1.204 s
walltime/epoch: 10.025 ms
throughput: 0.062M cells/s

epoch=00200
residual: fu:0.68483
error: u:0.16026
memory: 430 MiB
walltime: 1.064 s
walltime+callback: 1.270 s
walltime/epoch: 0.617 ms
throughput: 1.013M cells/s

epoch=00300
residual: fu:0.29167
error: u:0.15593
memory: 430 MiB
walltime: 1.127 s
walltime+callback: 1.337 s
walltime/epoch: 0.625 ms
throughput: 1.000M cells/s

epoch=00400
residual: fu:0.10379
error: u:0.15524
memory: 430 MiB
walltime: 1.185 s
walltime+callback: 1.400 s
walltime/epoch: 0.587 ms
throughput: 1.064M cells/s

epoch=00500
residual: fu:0.070354
error: u:0.15497
memory: 430 MiB
walltime: 1.246 s
walltime+callback: 1.465 s
walltime/epoch: 0.606 ms
throughput: 1.031M cells/s

epoch=00600
residual: fu:0.063105
error: u:0.15488
memory: 430 MiB
walltime: 1.306 s
walltime+callback: 1.528 s
walltime/epoch: 0.596 ms
throughput: 1.049M cells/s

epoch=00700
residual: fu:0.055118
error: u:0.15465
memory: 430 MiB
walltime: 1.364 s
walltime+callback: 1.590 s
walltime/epoch: 0.582 ms
throughput: 1.074M cells/s

epoch=00800
residual: fu:0.046435
error: u:0.1544
memory: 429 MiB
walltime: 1.425 s
walltime+callback: 1.656 s
walltime/epoch: 0.612 ms
throughput: 1.021M cells/s

epoch=00900
residual: fu:0.044047
error: u:0.15433
memory: 427 MiB
walltime: 1.495 s
walltime+callback: 1.731 s
walltime/epoch: 0.697 ms
throughput: 0.896M cells/s

epoch=01000
residual: fu:0.041823
error: u:0.15416
memory: 427 MiB
walltime: 1.558 s
walltime+callback: 1.799 s
walltime/epoch: 0.636 ms
throughput: 0.983M cells/s
u_00001.png ut_00001.png

epoch=01100
residual: fu:0.03977
error: u:0.15399
memory: 437 MiB
walltime: 1.624 s
walltime+callback: 2.025 s
walltime/epoch: 0.661 ms
throughput: 0.946M cells/s

epoch=01200
residual: fu:0.039319
error: u:0.15392
memory: 437 MiB
walltime: 1.688 s
walltime+callback: 2.093 s
walltime/epoch: 0.639 ms
throughput: 0.979M cells/s

epoch=01300
residual: fu:0.039246
error: u:0.15389
memory: 429 MiB
walltime: 1.754 s
walltime+callback: 2.163 s
walltime/epoch: 0.653 ms
throughput: 0.958M cells/s

epoch=01400
residual: fu:0.039223
error: u:0.15383
memory: 429 MiB
walltime: 1.816 s
walltime+callback: 2.231 s
walltime/epoch: 0.628 ms
throughput: 0.996M cells/s

epoch=01500
residual: fu:0.039191
error: u:0.15368
memory: 429 MiB
walltime: 1.878 s
walltime+callback: 2.298 s
walltime/epoch: 0.622 ms
throughput: 1.005M cells/s

epoch=01600
residual: fu:0.039082
error: u:0.15298
memory: 429 MiB
walltime: 1.940 s
walltime+callback: 2.364 s
walltime/epoch: 0.616 ms
throughput: 1.015M cells/s

epoch=01700
residual: fu:0.038806
error: u:0.15118
memory: 429 MiB
walltime: 2.002 s
walltime+callback: 2.430 s
walltime/epoch: 0.617 ms
throughput: 1.013M cells/s

epoch=01800
residual: fu:0.038434
error: u:0.14863
memory: 429 MiB
walltime: 2.064 s
walltime+callback: 2.497 s
walltime/epoch: 0.620 ms
throughput: 1.008M cells/s

epoch=01900
residual: fu:0.036552
error: u:0.13627
memory: 429 MiB
walltime: 2.124 s
walltime+callback: 2.561 s
walltime/epoch: 0.600 ms
throughput: 1.042M cells/s

epoch=02000
residual: fu:0.032468
error: u:0.11158
memory: 429 MiB
walltime: 2.183 s
walltime+callback: 2.625 s
walltime/epoch: 0.595 ms
throughput: 1.051M cells/s
u_00002.png ut_00002.png
